<?xml version="1.0" encoding="UTF-8"?>
<testng-results skipped="0" failed="1" ignored="0" total="6" passed="5">
  <reporter-output>
  </reporter-output>
  <suite name="Suite" duration-ms="158884" started-at="2019-01-15T17:49:43Z" finished-at="2019-01-15T17:52:22Z">
    <groups>
    </groups>
    <test name="Test" duration-ms="158884" started-at="2019-01-15T17:49:43Z" finished-at="2019-01-15T17:52:22Z">
      <class name="com.fb.qa.testcases.HomePageTest">
        <test-method status="PASS" signature="init()[pri:0, instance:com.fb.qa.testcases.HomePageTest@10dba097]" name="init" is-config="true" duration-ms="20562" started-at="2019-01-15T17:50:21Z" finished-at="2019-01-15T17:50:42Z">
          <reporter-output>
          </reporter-output>
        </test-method> <!-- init -->
        <test-method status="PASS" signature="postFeed()[pri:3, instance:com.fb.qa.testcases.HomePageTest@10dba097]" name="postFeed" duration-ms="6843" started-at="2019-01-15T17:50:42Z" finished-at="2019-01-15T17:50:48Z">
          <reporter-output>
          </reporter-output>
        </test-method> <!-- postFeed -->
        <test-method status="PASS" signature="tearDown(org.testng.ITestResult)[pri:0, instance:com.fb.qa.testcases.HomePageTest@10dba097]" name="tearDown" is-config="true" duration-ms="3610" started-at="2019-01-15T17:50:48Z" finished-at="2019-01-15T17:50:52Z">
          <params>
            <param index="0">
              <value>
                <![CDATA[[TestResult name=postFeed status=SUCCESS method=HomePageTest.postFeed()[pri:3, instance:com.fb.qa.testcases.HomePageTest@10dba097] output={null}]]]>
              </value>
            </param>
          </params>
          <reporter-output>
          </reporter-output>
        </test-method> <!-- tearDown -->
        <test-method status="PASS" signature="init()[pri:0, instance:com.fb.qa.testcases.HomePageTest@10dba097]" name="init" is-config="true" duration-ms="22667" started-at="2019-01-15T17:50:52Z" finished-at="2019-01-15T17:51:15Z">
          <reporter-output>
          </reporter-output>
        </test-method> <!-- init -->
        <test-method status="PASS" signature="checkPost()[pri:4, instance:com.fb.qa.testcases.HomePageTest@10dba097]" name="checkPost" duration-ms="4265" started-at="2019-01-15T17:51:15Z" finished-at="2019-01-15T17:51:19Z">
          <reporter-output>
          </reporter-output>
        </test-method> <!-- checkPost -->
        <test-method status="PASS" signature="tearDown(org.testng.ITestResult)[pri:0, instance:com.fb.qa.testcases.HomePageTest@10dba097]" name="tearDown" is-config="true" duration-ms="4161" started-at="2019-01-15T17:51:19Z" finished-at="2019-01-15T17:51:23Z">
          <params>
            <param index="0">
              <value>
                <![CDATA[[TestResult name=checkPost status=SUCCESS method=HomePageTest.checkPost()[pri:4, instance:com.fb.qa.testcases.HomePageTest@10dba097] output={null}]]]>
              </value>
            </param>
          </params>
          <reporter-output>
          </reporter-output>
        </test-method> <!-- tearDown -->
        <test-method status="PASS" signature="init()[pri:0, instance:com.fb.qa.testcases.HomePageTest@10dba097]" name="init" is-config="true" duration-ms="22057" started-at="2019-01-15T17:51:23Z" finished-at="2019-01-15T17:51:45Z">
          <reporter-output>
          </reporter-output>
        </test-method> <!-- init -->
        <test-method status="PASS" signature="searchbar()[pri:5, instance:com.fb.qa.testcases.HomePageTest@10dba097]" name="searchbar" duration-ms="1410" started-at="2019-01-15T17:51:45Z" finished-at="2019-01-15T17:51:47Z">
          <reporter-output>
          </reporter-output>
        </test-method> <!-- searchbar -->
        <test-method status="PASS" signature="tearDown(org.testng.ITestResult)[pri:0, instance:com.fb.qa.testcases.HomePageTest@10dba097]" name="tearDown" is-config="true" duration-ms="3642" started-at="2019-01-15T17:51:47Z" finished-at="2019-01-15T17:51:50Z">
          <params>
            <param index="0">
              <value>
                <![CDATA[[TestResult name=searchbar status=SUCCESS method=HomePageTest.searchbar()[pri:5, instance:com.fb.qa.testcases.HomePageTest@10dba097] output={null}]]]>
              </value>
            </param>
          </params>
          <reporter-output>
          </reporter-output>
        </test-method> <!-- tearDown -->
      </class> <!-- com.fb.qa.testcases.HomePageTest -->
      <class name="com.fb.qa.testcases.LoginPageTest">
        <test-method status="PASS" signature="init()[pri:0, instance:com.fb.qa.testcases.LoginPageTest@401e7803]" name="init" is-config="true" duration-ms="11167" started-at="2019-01-15T17:49:43Z" finished-at="2019-01-15T17:49:54Z">
          <reporter-output>
          </reporter-output>
        </test-method> <!-- init -->
        <test-method status="PASS" signature="loginPageUrlValidation()[pri:1, instance:com.fb.qa.testcases.LoginPageTest@401e7803]" name="loginPageUrlValidation" duration-ms="26" started-at="2019-01-15T17:49:54Z" finished-at="2019-01-15T17:49:54Z">
          <reporter-output>
          </reporter-output>
        </test-method> <!-- loginPageUrlValidation -->
        <test-method status="PASS" signature="tearDown(org.testng.ITestResult)[pri:0, instance:com.fb.qa.testcases.LoginPageTest@401e7803]" name="tearDown" is-config="true" duration-ms="1460" started-at="2019-01-15T17:49:54Z" finished-at="2019-01-15T17:49:56Z">
          <params>
            <param index="0">
              <value>
                <![CDATA[[TestResult name=loginPageUrlValidation status=SUCCESS method=LoginPageTest.loginPageUrlValidation()[pri:1, instance:com.fb.qa.testcases.LoginPageTest@401e7803] output={null}]]]>
              </value>
            </param>
          </params>
          <reporter-output>
          </reporter-output>
        </test-method> <!-- tearDown -->
        <test-method status="PASS" signature="init()[pri:0, instance:com.fb.qa.testcases.LoginPageTest@401e7803]" name="init" is-config="true" duration-ms="9701" started-at="2019-01-15T17:49:56Z" finished-at="2019-01-15T17:50:06Z">
          <reporter-output>
          </reporter-output>
        </test-method> <!-- init -->
        <test-method status="PASS" signature="login()[pri:2, instance:com.fb.qa.testcases.LoginPageTest@401e7803]" name="login" duration-ms="13234" started-at="2019-01-15T17:50:06Z" finished-at="2019-01-15T17:50:19Z">
          <reporter-output>
          </reporter-output>
        </test-method> <!-- login -->
        <test-method status="PASS" signature="tearDown(org.testng.ITestResult)[pri:0, instance:com.fb.qa.testcases.LoginPageTest@401e7803]" name="tearDown" is-config="true" duration-ms="2250" started-at="2019-01-15T17:50:19Z" finished-at="2019-01-15T17:50:21Z">
          <params>
            <param index="0">
              <value>
                <![CDATA[[TestResult name=login status=SUCCESS method=LoginPageTest.login()[pri:2, instance:com.fb.qa.testcases.LoginPageTest@401e7803] output={null}]]]>
              </value>
            </param>
          </params>
          <reporter-output>
          </reporter-output>
        </test-method> <!-- tearDown -->
      </class> <!-- com.fb.qa.testcases.LoginPageTest -->
      <class name="com.fb.qa.testcases.FriendRequestTest">
        <test-method status="PASS" signature="init()[pri:0, instance:com.fb.qa.testcases.FriendRequestTest@1786f9d5]" name="init" is-config="true" duration-ms="23809" started-at="2019-01-15T17:51:50Z" finished-at="2019-01-15T17:52:14Z">
          <reporter-output>
          </reporter-output>
        </test-method> <!-- init -->
        <test-method status="FAIL" signature="sendRequest()[pri:6, instance:com.fb.qa.testcases.FriendRequestTest@1786f9d5]" name="sendRequest" duration-ms="1084" started-at="2019-01-15T17:52:14Z" finished-at="2019-01-15T17:52:15Z">
          <exception class="org.openqa.selenium.StaleElementReferenceException">
            <message>
              <![CDATA[stale element reference: element is not attached to the page document
  (Session info: chrome=71.0.3578.98)
  (Driver info: chromedriver=2.45.615291 (ec3682e3c9061c10f26ea9e5cdcf3c53f3f74387),platform=Windows NT 10.0.17134 x86_64) (WARNING: The server did not provide any stacktrace information)
Command duration or timeout: 0 milliseconds
For documentation on this error, please visit: https://www.seleniumhq.org/exceptions/stale_element_reference.html
Build info: version: '3.141.59', revision: 'e82be7d358', time: '2018-11-14T08:25:48'
System info: host: 'HP', ip: '192.168.1.13', os.name: 'Windows 10', os.arch: 'amd64', os.version: '10.0', java.version: '1.8.0_151'
Driver info: org.openqa.selenium.chrome.ChromeDriver
Capabilities {acceptInsecureCerts: false, acceptSslCerts: false, applicationCacheEnabled: false, browserConnectionEnabled: false, browserName: chrome, chrome: {chromedriverVersion: 2.45.615291 (ec3682e3c9061c..., userDataDir: C:\Users\SAHIL\AppData\Loca...}, cssSelectorsEnabled: true, databaseEnabled: false, goog:chromeOptions: {debuggerAddress: localhost:65297}, handlesAlerts: true, hasTouchScreen: false, javascriptEnabled: true, locationContextEnabled: true, mobileEmulationEnabled: false, nativeEvents: true, networkConnectionEnabled: false, pageLoadStrategy: normal, platform: XP, platformName: XP, proxy: Proxy(), rotatable: false, setWindowRect: true, strictFileInteractability: false, takesHeapSnapshot: true, takesScreenshot: true, timeouts: {implicit: 0, pageLoad: 300000, script: 30000}, unexpectedAlertBehaviour: ignore, unhandledPromptBehavior: ignore, version: 71.0.3578.98, webStorageEnabled: true}
Session ID: 466bb77f3afc43cb0a432e397de6fde6]]>
            </message>
            <full-stacktrace>
              <![CDATA[org.openqa.selenium.StaleElementReferenceException: stale element reference: element is not attached to the page document
  (Session info: chrome=71.0.3578.98)
  (Driver info: chromedriver=2.45.615291 (ec3682e3c9061c10f26ea9e5cdcf3c53f3f74387),platform=Windows NT 10.0.17134 x86_64) (WARNING: The server did not provide any stacktrace information)
Command duration or timeout: 0 milliseconds
For documentation on this error, please visit: https://www.seleniumhq.org/exceptions/stale_element_reference.html
Build info: version: '3.141.59', revision: 'e82be7d358', time: '2018-11-14T08:25:48'
System info: host: 'HP', ip: '192.168.1.13', os.name: 'Windows 10', os.arch: 'amd64', os.version: '10.0', java.version: '1.8.0_151'
Driver info: org.openqa.selenium.chrome.ChromeDriver
Capabilities {acceptInsecureCerts: false, acceptSslCerts: false, applicationCacheEnabled: false, browserConnectionEnabled: false, browserName: chrome, chrome: {chromedriverVersion: 2.45.615291 (ec3682e3c9061c..., userDataDir: C:\Users\SAHIL\AppData\Loca...}, cssSelectorsEnabled: true, databaseEnabled: false, goog:chromeOptions: {debuggerAddress: localhost:65297}, handlesAlerts: true, hasTouchScreen: false, javascriptEnabled: true, locationContextEnabled: true, mobileEmulationEnabled: false, nativeEvents: true, networkConnectionEnabled: false, pageLoadStrategy: normal, platform: XP, platformName: XP, proxy: Proxy(), rotatable: false, setWindowRect: true, strictFileInteractability: false, takesHeapSnapshot: true, takesScreenshot: true, timeouts: {implicit: 0, pageLoad: 300000, script: 30000}, unexpectedAlertBehaviour: ignore, unhandledPromptBehavior: ignore, version: 71.0.3578.98, webStorageEnabled: true}
Session ID: 466bb77f3afc43cb0a432e397de6fde6
at sun.reflect.NativeConstructorAccessorImpl.newInstance0(Native Method)
at sun.reflect.NativeConstructorAccessorImpl.newInstance(Unknown Source)
at sun.reflect.DelegatingConstructorAccessorImpl.newInstance(Unknown Source)
at java.lang.reflect.Constructor.newInstance(Unknown Source)
at org.openqa.selenium.remote.ErrorHandler.createThrowable(ErrorHandler.java:214)
at org.openqa.selenium.remote.ErrorHandler.throwIfResponseFailed(ErrorHandler.java:166)
at org.openqa.selenium.remote.http.JsonHttpResponseCodec.reconstructValue(JsonHttpResponseCodec.java:40)
at org.openqa.selenium.remote.http.AbstractHttpResponseCodec.decode(AbstractHttpResponseCodec.java:80)
at org.openqa.selenium.remote.http.AbstractHttpResponseCodec.decode(AbstractHttpResponseCodec.java:44)
at org.openqa.selenium.remote.HttpCommandExecutor.execute(HttpCommandExecutor.java:158)
at org.openqa.selenium.remote.service.DriverCommandExecutor.execute(DriverCommandExecutor.java:83)
at org.openqa.selenium.remote.RemoteWebDriver.execute(RemoteWebDriver.java:552)
at org.openqa.selenium.remote.RemoteExecuteMethod.execute(RemoteExecuteMethod.java:35)
at org.openqa.selenium.remote.RemoteMouse.mouseMove(RemoteMouse.java:89)
at org.openqa.selenium.interactions.MoveMouseAction.perform(MoveMouseAction.java:42)
at org.openqa.selenium.interactions.CompositeAction.perform(CompositeAction.java:34)
at org.openqa.selenium.interactions.Actions$BuiltAction.perform(Actions.java:642)
at com.fb.qa.pages.FriendRequestPage.sendRequest(FriendRequestPage.java:24)
at com.fb.qa.testcases.FriendRequestTest.sendRequest(FriendRequestTest.java:45)
at sun.reflect.NativeMethodAccessorImpl.invoke0(Native Method)
at sun.reflect.NativeMethodAccessorImpl.invoke(Unknown Source)
at sun.reflect.DelegatingMethodAccessorImpl.invoke(Unknown Source)
at java.lang.reflect.Method.invoke(Unknown Source)
at org.testng.internal.MethodInvocationHelper.invokeMethod(MethodInvocationHelper.java:124)
at org.testng.internal.Invoker.invokeMethod(Invoker.java:580)
at org.testng.internal.Invoker.invokeTestMethod(Invoker.java:716)
at org.testng.internal.Invoker.invokeTestMethods(Invoker.java:988)
at org.testng.internal.TestMethodWorker.invokeTestMethods(TestMethodWorker.java:125)
at org.testng.internal.TestMethodWorker.run(TestMethodWorker.java:109)
at org.testng.TestRunner.privateRun(TestRunner.java:648)
at org.testng.TestRunner.run(TestRunner.java:505)
at org.testng.SuiteRunner.runTest(SuiteRunner.java:455)
at org.testng.SuiteRunner.runSequentially(SuiteRunner.java:450)
at org.testng.SuiteRunner.privateRun(SuiteRunner.java:415)
at org.testng.SuiteRunner.run(SuiteRunner.java:364)
at org.testng.SuiteRunnerWorker.runSuite(SuiteRunnerWorker.java:52)
at org.testng.SuiteRunnerWorker.run(SuiteRunnerWorker.java:84)
at org.testng.TestNG.runSuitesSequentially(TestNG.java:1208)
at org.testng.TestNG.runSuitesLocally(TestNG.java:1137)
at org.testng.TestNG.runSuites(TestNG.java:1049)
at org.testng.TestNG.run(TestNG.java:1017)
at org.testng.remote.AbstractRemoteTestNG.run(AbstractRemoteTestNG.java:114)
at org.testng.remote.RemoteTestNG.initAndRun(RemoteTestNG.java:251)
at org.testng.remote.RemoteTestNG.main(RemoteTestNG.java:77)
]]>
            </full-stacktrace>
          </exception> <!-- org.openqa.selenium.StaleElementReferenceException -->
          <reporter-output>
          </reporter-output>
        </test-method> <!-- sendRequest -->
        <test-method status="PASS" signature="tearDown(org.testng.ITestResult)[pri:0, instance:com.fb.qa.testcases.FriendRequestTest@1786f9d5]" name="tearDown" is-config="true" duration-ms="6835" started-at="2019-01-15T17:52:15Z" finished-at="2019-01-15T17:52:22Z">
          <params>
            <param index="0">
              <value>
                <![CDATA[[TestResult name=sendRequest status=FAILURE method=FriendRequestTest.sendRequest()[pri:6, instance:com.fb.qa.testcases.FriendRequestTest@1786f9d5] output={null}]]]>
              </value>
            </param>
          </params>
          <reporter-output>
          </reporter-output>
        </test-method> <!-- tearDown -->
      </class> <!-- com.fb.qa.testcases.FriendRequestTest -->
    </test> <!-- Test -->
  </suite> <!-- Suite -->
</testng-results>
